 
****************************************
Report : design
Design : CC_TOP
Version: Q-2019.12-SP5-5
Date   : Wed Feb 25 19:55:09 2026
****************************************

Design allows ideal nets on clock nets.

Library(s) Used:

    um28nchllogl35udl140f_ssgwc0p81v125c (File: /home/ScalableArchiLab/UMC/um28nchllogl35udl140f_ssgwc0p81v125c.db)

Local Link Library:

    {/home/ScalableArchiLab/UMC/um28nchllogl35udl140f_ssgwc0p81v125c.db}

Flip-Flop Types:

    No flip-flop types specified.

Latch Types:

    No latch types specified.

Operating Conditions:


    Operating Condition Name : SSGWC0P81V125C
    Library : um28nchllogl35udl140f_ssgwc0p81v125c
    Process :  1.000
    Temperature : 125.00
    Voltage :   0.81
    Interconnect Model : best_case_tree

Wire Loading Model:

    Selected automatically from the total cell area.

Name           :   ZeroWLM
Location       :   um28nchllogl35udl140f_ssgwc0p81v125c
Resistance     :   0.0009
Capacitance    :   2e-07
Area           :   0
Slope          :   0.1
Fanout   Length   Points Average Cap Std Deviation
--------------------------------------------------------------
     1     0.00
     2     0.00
     3     0.00
     4     0.00
     5     0.00
     6     0.00
     7     0.00
     8     0.00
     9     0.00
    10     0.00
    11     0.00
    12     0.00
    13     0.00
    14     0.00
    15     0.00
    16     0.00



Wire Loading Model Mode: enclosed.

Timing Ranges:

    No timing ranges specified.

Pin Input Delays:

    None specified.

Pin Output Delays:

    None specified.

Disabled Timing Arcs:

    No arcs disabled.

Required Licenses:

    None Required

Design Parameters:

    None specified.
1
